{"D:\\JCC Intensive\\Phase III\\unit-test-bwa\\basic_vue_test_utils\\src\\Greeting.vue": {"path":"D:\\JCC Intensive\\Phase III\\unit-test-bwa\\basic_vue_test_utils\\src\\Greeting.vue","statementMap":{"0":{"start":{"line":16,"column":0},"end":{"line":16,"column":null}},"1":{"start":{"line":23,"column":0},"end":{"line":23,"column":null}},"2":{"start":{"line":24,"column":0},"end":{"line":24,"column":null}}},"fnMap":{"0":{"name":"(anonymous_1)","decl":{"start":{"line":15,"column":0},"end":{"line":15,"column":null}},"loc":{"start":{"line":15,"column":0},"end":{"line":20,"column":null}}},"1":{"name":"(anonymous_2)","decl":{"start":{"line":22,"column":0},"end":{"line":22,"column":null}},"loc":{"start":{"line":22,"column":0},"end":{"line":25,"column":null}}}},"branchMap":{},"s":{"0":2,"1":0,"2":0},"f":{"0":2,"1":0},"b":{}}
}
